<?xml version="1.0" encoding="utf-8"?><testsuites name="pytest tests"><testsuite name="pytest" errors="0" failures="0" skipped="0" tests="8" time="1.555" timestamp="2026-05-14T12:58:36.548124+00:00" hostname="agent-env-ce94728a-8b91-4632-959e-bccf13261590"><testcase classname="backend.tests.test_campaign" name="test_next_day_requires_debrief" time="0.342" /><testcase classname="backend.tests.test_campaign" name="test_next_day_response_shape" time="0.616" /><testcase classname="backend.tests.test_campaign" name="test_state_advanced_to_day2" time="0.000" /><testcase classname="backend.tests.test_campaign" name="test_long_haul_return_pre_rostered" time="0.000" /><testcase classname="backend.tests.test_campaign" name="test_campaign_kpis_after_one_day" time="0.000" /><testcase classname="backend.tests.test_campaign" name="test_block_history_and_28d_window" time="0.000" /><testcase classname="backend.tests.test_campaign" name="test_fatigue_carryover" time="0.000" /><testcase classname="backend.tests.test_campaign" name="test_second_day_cycle" time="0.292" /></testsuite></testsuites>