<?xml version="1.0" encoding="utf-8"?><testsuites name="pytest tests"><testsuite name="pytest" errors="0" failures="0" skipped="0" tests="21" time="16.638" timestamp="2026-05-14T12:58:42.558088+00:00" hostname="agent-env-ce94728a-8b91-4632-959e-bccf13261590"><testcase classname="backend.tests.test_campaign" name="test_next_day_requires_debrief" time="0.186" /><testcase classname="backend.tests.test_campaign" name="test_next_day_response_shape" time="0.544" /><testcase classname="backend.tests.test_campaign" name="test_state_advanced_to_day2" time="0.000" /><testcase classname="backend.tests.test_campaign" name="test_long_haul_return_pre_rostered" time="0.000" /><testcase classname="backend.tests.test_campaign" name="test_campaign_kpis_after_one_day" time="0.000" /><testcase classname="backend.tests.test_campaign" name="test_block_history_and_28d_window" time="0.000" /><testcase classname="backend.tests.test_campaign" name="test_fatigue_carryover" time="0.000" /><testcase classname="backend.tests.test_campaign" name="test_second_day_cycle" time="0.261" /><testcase classname="backend.tests.test_occ_backend" name="test_root" time="0.121" /><testcase classname="backend.tests.test_occ_backend" name="test_new_game_shape" time="0.058" /><testcase classname="backend.tests.test_occ_backend" name="test_get_state" time="0.056" /><testcase classname="backend.tests.test_occ_backend" name="test_roster_status" time="0.052" /><testcase classname="backend.tests.test_occ_backend" name="test_check_assignment" time="0.053" /><testcase classname="backend.tests.test_occ_backend" name="test_assign_flow" time="0.273" /><testcase classname="backend.tests.test_occ_backend" name="test_unassign" time="0.164" /><testcase classname="backend.tests.test_occ_backend" name="test_ops_phase_flow" time="0.314" /><testcase classname="backend.tests.test_occ_backend" name="test_advisor" time="13.978" /><testcase classname="backend.tests.test_occ_backend" name="test_unknown_game" time="0.054" /><testcase classname="backend.tests.test_pairings" name="test_shorthaul_pairings" time="0.188" /><testcase classname="backend.tests.test_pairings" name="test_longhaul_solo_pairings" time="0.000" /><testcase classname="backend.tests.test_pairings" name="test_assign_propagates_to_pairing" time="0.254" /></testsuite></testsuites>