<?xml version="1.0" encoding="utf-8"?><testsuites name="pytest tests"><testsuite name="pytest" errors="0" failures="0" skipped="0" tests="13" time="18.085" timestamp="2026-05-14T12:49:17.835228+00:00" hostname="agent-env-ce94728a-8b91-4632-959e-bccf13261590"><testcase classname="backend.tests.test_occ_backend" name="test_root" time="0.323" /><testcase classname="backend.tests.test_occ_backend" name="test_new_game_shape" time="0.071" /><testcase classname="backend.tests.test_occ_backend" name="test_get_state" time="0.059" /><testcase classname="backend.tests.test_occ_backend" name="test_roster_status" time="0.048" /><testcase classname="backend.tests.test_occ_backend" name="test_check_assignment" time="0.049" /><testcase classname="backend.tests.test_occ_backend" name="test_assign_flow" time="0.260" /><testcase classname="backend.tests.test_occ_backend" name="test_unassign" time="0.189" /><testcase classname="backend.tests.test_occ_backend" name="test_ops_phase_flow" time="0.307" /><testcase classname="backend.tests.test_occ_backend" name="test_advisor" time="15.985" /><testcase classname="backend.tests.test_occ_backend" name="test_unknown_game" time="0.053" /><testcase classname="backend.tests.test_pairings" name="test_shorthaul_pairings" time="0.187" /><testcase classname="backend.tests.test_pairings" name="test_longhaul_solo_pairings" time="0.000" /><testcase classname="backend.tests.test_pairings" name="test_assign_propagates_to_pairing" time="0.216" /></testsuite></testsuites>