<?xml version="1.0" encoding="utf-8"?><testsuites name="pytest tests"><testsuite name="pytest" errors="0" failures="0" skipped="0" tests="9" time="6.060" timestamp="2026-05-14T13:10:10.591106+00:00" hostname="agent-env-ce94728a-8b91-4632-959e-bccf13261590"><testcase classname="backend.tests.test_survive7.TestBunkFDP" name="test_long_haul_ulr_requires_augmented_crew" time="0.439" /><testcase classname="backend.tests.test_survive7.TestBunkFDP" name="test_short_haul_unaugmented" time="0.161" /><testcase classname="backend.tests.test_survive7.TestBunkFDP" name="test_precheck_message_mentions_18h_bunk_extension" time="0.406" /><testcase classname="backend.tests.test_survive7.TestSurvive7" name="test_new_game_challenge_metadata" time="0.242" /><testcase classname="backend.tests.test_survive7.TestSurvive7" name="test_fixed_seed_reproducible" time="0.416" /><testcase classname="backend.tests.test_survive7.TestSurvive7" name="test_free_play_metadata" time="0.127" /><testcase classname="backend.tests.test_survive7.TestSurvive7" name="test_no_body_defaults_free_play" time="0.156" /><testcase classname="backend.tests.test_survive7.TestDifficultyCurve" name="test_day7_more_incidents_than_day1" time="0.008" /><testcase classname="backend.tests.test_survive7.TestCampaignFinalize" name="test_seven_day_full_loop_via_api" time="4.007" /></testsuite></testsuites>